# JRE version: Java(TM) SE Runtime Environment (25.0+37) (build 25+37-LTS-3491)
# Java VM: Java HotSpot(TM) 64-Bit Server VM (25+37-LTS-3491, mixed mode, emulated-client, sharing, tiered, compressed oops, compressed class ptrs, g1 gc, windows-amd64)
GC Precious Log:
 CardTable entry size: 512
 Card Set container configuration: InlinePtr #cards 5 size 8 Array Of Cards #cards 10 size 36 Howl #buckets 4 coarsen threshold 1843 Howl Bitmap #cards 512 size 80 coarsen threshold 460 Card regions per heap region 1 cards per card region 2048
 CPUs: 4 total, 4 available
 Memory: 3996M
 Large Page Support: Disabled
 NUMA Support: Disabled
 Compressed Oops: Enabled (32-bit)
 Heap Region Size: 1M
 Heap Min Capacity: 8M
 Heap Initial Capacity: 64M
 Heap Max Capacity: 1000M
 Pre-touch: Disabled
 Parallel Workers: 4
 Concurrent Workers: 1
 Concurrent Refinement Workers: 4
 Periodic GC: Disabled
Heap:
 garbage-first heap   total reserved 1024000K, committed 102400K, used 38646K [0x00000000c1800000, 0x0000000100000000)
  region size 1024K, 7 young (7168K), 7 survivors (7168K)
GC Heap Usage History (20 events):
Event: 6707.703 {heap After GC invocations=46 (full 3):
 garbage-first heap   total reserved 1024000K, committed 80896K, used 36209K [0x00000000c1800000, 0x0000000100000000)
  region size 1024K, 5 young (5120K), 5 survivors (5120K)
}
Event: 6724.971 {heap Before GC invocations=47 (full 3):
 garbage-first heap   total reserved 1024000K, committed 80896K, used 66929K [0x00000000c1800000, 0x0000000100000000)
  region size 1024K, 37 young (37888K), 5 survivors (5120K)
}
Event: 6731.036 {heap After GC invocations=48 (full 4):
 garbage-first heap   total reserved 1024000K, committed 80896K, used 30855K [0x00000000c1800000, 0x0000000100000000)
  region size 1024K, 0 young (0K), 0 survivors (0K)
}
Event: 6733.233 {heap Before GC invocations=48 (full 4):
 garbage-first heap   total reserved 1024000K, committed 80896K, used 67719K [0x00000000c1800000, 0x0000000100000000)
  region size 1024K, 37 young (37888K), 0 survivors (0K)
}
Event: 6733.244 {heap After GC invocations=49 (full 4):
 garbage-first heap   total reserved 1024000K, committed 102400K, used 36151K [0x00000000c1800000, 0x0000000100000000)
  region size 1024K, 5 young (5120K), 5 survivors (5120K)
}
Event: 6736.965 {heap Before GC invocations=50 (full 4):
 garbage-first heap   total reserved 1024000K, committed 102400K, used 66871K [0x00000000c1800000, 0x0000000100000000)
  region size 1024K, 37 young (37888K), 5 survivors (5120K)
}
Event: 6737.048 {heap After GC invocations=51 (full 5):
 garbage-first heap   total reserved 1024000K, committed 102400K, used 31135K [0x00000000c1800000, 0x0000000100000000)
  region size 1024K, 0 young (0K), 0 survivors (0K)
}
Event: 6739.334 {heap Before GC invocations=51 (full 5):
 garbage-first heap   total reserved 1024000K, committed 102400K, used 81311K [0x00000000c1800000, 0x0000000100000000)
  region size 1024K, 50 young (51200K), 0 survivors (0K)
}
Event: 6739.344 {heap After GC invocations=52 (full 5):
 garbage-first heap   total reserved 1024000K, committed 102400K, used 37776K [0x00000000c1800000, 0x0000000100000000)
  region size 1024K, 7 young (7168K), 7 survivors (7168K)
}
Event: 6744.487 {heap Before GC invocations=53 (full 5):
 garbage-first heap   total reserved 1024000K, committed 102400K, used 57232K [0x00000000c1800000, 0x0000000100000000)
  region size 1024K, 27 young (27648K), 7 survivors (7168K)
}
Event: 6744.566 {heap After GC invocations=54 (full 6):
 garbage-first heap   total reserved 1024000K, committed 102400K, used 31457K [0x00000000c1800000, 0x0000000100000000)
  region size 1024K, 0 young (0K), 0 survivors (0K)
}
Event: 6746.062 {heap Before GC invocations=54 (full 6):
 garbage-first heap   total reserved 1024000K, committed 102400K, used 79585K [0x00000000c1800000, 0x0000000100000000)
  region size 1024K, 48 young (49152K), 0 survivors (0K)
}
Event: 6746.072 {heap After GC invocations=55 (full 6):
 garbage-first heap   total reserved 1024000K, committed 102400K, used 37771K [0x00000000c1800000, 0x0000000100000000)
  region size 1024K, 6 young (6144K), 6 survivors (6144K)
}
Event: 6748.458 {heap Before GC invocations=56 (full 6):
 garbage-first heap   total reserved 1024000K, committed 102400K, used 59275K [0x00000000c1800000, 0x0000000100000000)
  region size 1024K, 28 young (28672K), 6 survivors (6144K)
}
Event: 6748.532 {heap After GC invocations=57 (full 7):
 garbage-first heap   total reserved 1024000K, committed 102400K, used 31658K [0x00000000c1800000, 0x0000000100000000)
  region size 1024K, 0 young (0K), 0 survivors (0K)
}
Event: 6749.804 {heap Before GC invocations=57 (full 7):
 garbage-first heap   total reserved 1024000K, committed 102400K, used 80810K [0x00000000c1800000, 0x0000000100000000)
  region size 1024K, 49 young (50176K), 0 survivors (0K)
}
Event: 6749.812 {heap After GC invocations=58 (full 7):
 garbage-first heap   total reserved 1024000K, committed 102400K, used 38090K [0x00000000c1800000, 0x0000000100000000)
  region size 1024K, 7 young (7168K), 7 survivors (7168K)
}
Event: 6751.843 {heap Before GC invocations=59 (full 7):
 garbage-first heap   total reserved 1024000K, committed 102400K, used 57546K [0x00000000c1800000, 0x0000000100000000)
  region size 1024K, 27 young (27648K), 7 survivors (7168K)
}
Event: 6751.918 {heap After GC invocations=60 (full 8):
 garbage-first heap   total reserved 1024000K, committed 102400K, used 31916K [0x00000000c1800000, 0x0000000100000000)
  region size 1024K, 0 young (0K), 0 survivors (0K)
}
Event: 6753.950 {heap Before GC invocations=60 (full 8):
 garbage-first heap   total reserved 1024000K, committed 102400K, used 81068K [0x00000000c1800000, 0x0000000100000000)
  region size 1024K, 49 young (50176K), 0 survivors (0K)
}

